<?xml version="1.0" encoding="UTF-8"?>
<!-- Generated by org.testng.reporters.JUnitXMLReporter -->
<testsuite ignored="0" hostname="LAPTOP-EEBKPBG9" failures="1" tests="14" name="Test" time="27.72" errors="0" timestamp="2024-07-28T16:06:48 IST">
  <testcase classname="tests.LoginPageTest" name="testCheckoutProcess" time="0.669"/>
  <testcase classname="tests.LoginPageTest" name="testProductAdditionToCart" time="0.37">
    <failure type="java.lang.AssertionError" message="expected [Expected Product Name] but found [Sauce Labs Backpack]">
      <![CDATA[java.lang.AssertionError: expected [Expected Product Name] but found [Sauce Labs Backpack]
at tests.LoginPageTest.testProductAdditionToCart(LoginPageTest.java:124)
at java.base/java.util.ArrayList.forEach(ArrayList.java:1597)
... Removed 31 stack frames]]>
    </failure>
  </testcase> <!-- testProductAdditionToCart -->
  <testcase classname="tests.LoginPageTest" name="verifyLoginFunctionality" time="0.27"/>
  <testcase classname="tests.LoginPageTest" name="verifyLoginFunctionality" time="0.266"/>
  <testcase classname="tests.LoginPageTest" name="verifyLoginFunctionality" time="5.31"/>
  <testcase classname="tests.LoginPageTest" name="verifyLoginFunctionality" time="0.249"/>
  <testcase classname="tests.LoginPageTest" name="verifyLoginFunctionality" time="0.269"/>
  <testcase classname="tests.LoginPageTest" name="verifyLoginFunctionality" time="0.237"/>
  <testcase classname="tests.LoginPageTest" name="verifyLoginFunctionality" time="0.252"/>
  <testcase classname="tests.LoginPageTest" name="verifyLoginFunctionality" time="0.262"/>
  <testcase classname="tests.LoginPageTest" name="verifyLoginFunctionality" time="0.164"/>
  <testcase classname="tests.LoginPageTest" name="verifyLogo" time="0.035"/>
  <testcase classname="tests.LoginPageTest" name="verifyPageTitle" time="0.01"/>
  <testcase classname="tests.LoginPageTest" name="verifyURL" time="0.018"/>
</testsuite> <!-- Test -->
